<?xml version="1.0" encoding="UTF-8"?>
<!-- Generated by org.testng.reporters.JUnitReportReporter -->
<testsuite hostname="MacBook-Air.attlocal.net" failures="0" tests="2" name="com.testngproject.Demo_testing.Day1_Annotations" time="0.014" errors="0" timestamp="2021-01-12T01:22:10 EST" skipped="0">
  <testcase classname="com.testngproject.Demo_testing.Day1_Annotations" name="AlwaysCalled" time="0.008"/>
  <system-out/>
  <testcase classname="com.testngproject.Demo_testing.Day1_Annotations" name="Alwayscalled2" time="0.006"/>
  <system-out/>
</testsuite> <!-- com.testngproject.Demo_testing.Day1_Annotations -->
