<?xml version="1.0" encoding="UTF-8"?>
<!-- Generated by org.testng.reporters.JUnitReportReporter -->
<testsuite hostname="Deeptis-Air.attlocal.net" failures="0" tests="2" name="com.testngproject.Demo_testing.Day2_Scenarios" time="5.114" errors="0" timestamp="2021-01-12T09:14:15 EST" skipped="0">
  <testcase classname="com.testngproject.Demo_testing.Day2_Scenarios" name="TC_01" time="0.770"/>
  <system-out/>
  <testcase classname="com.testngproject.Demo_testing.Day2_Scenarios" name="TC_02" time="4.344"/>
  <system-out/>
</testsuite> <!-- com.testngproject.Demo_testing.Day2_Scenarios -->
