<?xml version="1.0" encoding="UTF-8"?>
<!-- Generated by org.testng.reporters.JUnitReportReporter -->
<testsuite skipped="0" hostname="Deeptis-Air.attlocal.net" name="com.testngproject.Demo_testing.Day2_TC_Home" tests="4" failures="0" timestamp="2021-01-28T16:25:13 EST" time="0.027" errors="0">
  <testcase name="Test6" time="0.002" classname="com.testngproject.Demo_testing.Day2_TC_Home"/>
  <system-out/>
  <testcase name="Test7" time="0.002" classname="com.testngproject.Demo_testing.Day2_TC_Home"/>
  <system-out/>
  <testcase name="Test5" time="0.021" classname="com.testngproject.Demo_testing.Day2_TC_Home"/>
  <system-out/>
  <testcase name="Test8" time="0.002" classname="com.testngproject.Demo_testing.Day2_TC_Home"/>
  <system-out/>
</testsuite> <!-- com.testngproject.Demo_testing.Day2_TC_Home -->
