<?xml version="1.0" encoding="UTF-8"?>
<!-- Generated by org.testng.reporters.JUnitReportReporter -->
<testsuite hostname="MacBook-Air.attlocal.net" failures="0" tests="4" name="com.testngproject.Demo_testing.Day2_TC_Login" time="0.031" errors="0" timestamp="2021-01-12T01:22:22 EST" skipped="0">
  <testcase classname="com.testngproject.Demo_testing.Day2_TC_Login" name="Test2" time="0.003"/>
  <system-out/>
  <testcase classname="com.testngproject.Demo_testing.Day2_TC_Login" name="Test3" time="0.013"/>
  <system-out/>
  <testcase classname="com.testngproject.Demo_testing.Day2_TC_Login" name="Test1" time="0.011"/>
  <system-out/>
  <testcase classname="com.testngproject.Demo_testing.Day2_TC_Login" name="Test4" time="0.004"/>
  <system-out/>
</testsuite> <!-- com.testngproject.Demo_testing.Day2_TC_Login -->
