<?xml version="1.0" encoding="UTF-8"?>
<!-- Generated by org.testng.reporters.JUnitReportReporter -->
<testsuite hostname="Rupeshs-Air.attlocal.net" failures="0" tests="3" name="com.testngproject.Demo_testing.Day2_TC_Tabs" time="0.006" errors="0" timestamp="2021-01-07T00:11:10 EST" skipped="0">
  <testcase classname="com.testngproject.Demo_testing.Day2_TC_Tabs" name="Test10" time="0.002"/>
  <system-out/>
  <testcase classname="com.testngproject.Demo_testing.Day2_TC_Tabs" name="Test9" time="0.002"/>
  <system-out/>
  <testcase classname="com.testngproject.Demo_testing.Day2_TC_Tabs" name="Test8" time="0.002"/>
  <system-out/>
</testsuite> <!-- com.testngproject.Demo_testing.Day2_TC_Tabs -->
